{"C:\\Users\\yalanday\\Desktop\\test-fullstack-back\\backend\\src\\app\\business\\business-helpers\\validation.ts": {"path":"C:\\Users\\yalanday\\Desktop\\test-fullstack-back\\backend\\src\\app\\business\\business-helpers\\validation.ts","statementMap":{"0":{"start":{"line":6,"column":8},"end":{"line":6,"column":43}},"1":{"start":{"line":19,"column":8},"end":{"line":19,"column":49}},"2":{"start":{"line":1,"column":0},"end":{"line":1,"column":13}},"3":{"start":{"line":2,"column":28},"end":{"line":2,"column":91}},"4":{"start":{"line":3,"column":28},"end":{"line":3,"column":106}},"5":{"start":{"line":9,"column":11},"end":{"line":16,"column":null}},"6":{"start":{"line":22,"column":11},"end":{"line":30,"column":null}}},"fnMap":{"0":{"name":"(anonymous_0)","decl":{"start":{"line":5,"column":4},"end":{"line":5,"column":10}},"loc":{"start":{"line":5,"column":30},"end":{"line":7,"column":5}}},"1":{"name":"(anonymous_1)","decl":{"start":{"line":18,"column":4},"end":{"line":18,"column":10}},"loc":{"start":{"line":18,"column":36},"end":{"line":20,"column":5}}}},"branchMap":{},"s":{"0":2,"1":2,"2":1,"3":1,"4":1,"5":1,"6":1},"f":{"0":2,"1":2},"b":{}}
}
