TN:
SF:src\db\db.ts
FN:17,(anonymous_8)
FN:17,(anonymous_9)
FN:23,(anonymous_10)
FN:23,(anonymous_11)
FN:35,(anonymous_12)
FN:35,(anonymous_13)
FNF:6
FNH:0
FNDA:0,(anonymous_8)
FNDA:0,(anonymous_9)
FNDA:0,(anonymous_10)
FNDA:0,(anonymous_11)
FNDA:0,(anonymous_12)
FNDA:0,(anonymous_13)
DA:1,1
DA:2,1
DA:3,1
DA:4,1
DA:6,1
DA:8,1
DA:17,1
DA:18,0
DA:20,0
DA:23,0
DA:26,0
DA:27,0
DA:28,0
DA:31,0
DA:35,1
DA:36,0
DA:38,0
DA:39,0
DA:42,0
DA:45,0
DA:47,0
DA:49,0
DA:50,0
LF:23
LH:8
BRDA:9,0,0,1
BRDA:9,0,1,0
BRDA:10,1,0,1
BRDA:10,1,1,1
BRDA:11,2,0,1
BRDA:11,2,1,0
BRDA:12,3,0,1
BRDA:12,3,1,0
BRDA:13,4,0,1
BRDA:13,4,1,0
BRF:10
BRH:6
end_of_record
TN:
SF:src\helpers\validation.ts
FN:5,(anonymous_0)
FN:18,(anonymous_1)
FNF:2
FNH:2
FNDA:2,(anonymous_0)
FNDA:2,(anonymous_1)
DA:1,1
DA:2,1
DA:3,1
DA:6,2
DA:9,1
DA:19,2
DA:22,1
LF:7
LH:7
BRF:0
BRH:0
end_of_record
TN:
SF:src\services\userRepositories.ts
FN:14,(anonymous_8)
FN:14,(anonymous_9)
FN:41,(anonymous_10)
FN:41,(anonymous_11)
FN:90,(anonymous_12)
FN:90,(anonymous_13)
FN:119,(anonymous_14)
FN:119,(anonymous_15)
FN:146,(anonymous_16)
FNF:9
FNH:0
FNDA:0,(anonymous_8)
FNDA:0,(anonymous_9)
FNDA:0,(anonymous_10)
FNDA:0,(anonymous_11)
FNDA:0,(anonymous_12)
FNDA:0,(anonymous_13)
FNDA:0,(anonymous_14)
FNDA:0,(anonymous_15)
FNDA:0,(anonymous_16)
DA:3,1
DA:5,1
DA:11,1
DA:14,1
DA:16,0
DA:17,0
DA:20,0
DA:21,0
DA:22,0
DA:24,0
DA:25,0
DA:27,0
DA:28,0
DA:29,0
DA:31,0
DA:41,1
DA:43,0
DA:45,0
DA:46,0
DA:47,0
DA:50,0
DA:51,0
DA:52,0
DA:55,0
DA:56,0
DA:57,0
DA:62,0
DA:63,0
DA:64,0
DA:65,0
DA:67,0
DA:74,0
DA:76,0
DA:77,0
DA:79,0
DA:80,0
DA:81,0
DA:83,0
DA:90,1
DA:91,0
DA:92,0
DA:93,0
DA:99,0
DA:100,0
DA:101,0
DA:102,0
DA:104,0
DA:105,0
DA:107,0
DA:108,0
DA:109,0
DA:111,0
DA:119,1
DA:120,0
DA:121,0
DA:122,0
DA:127,0
DA:128,0
DA:129,0
DA:130,0
DA:132,0
DA:133,0
DA:135,0
DA:136,0
DA:137,0
DA:139,0
DA:146,1
DA:147,0
LF:68
LH:8
BRDA:27,0,0,0
BRDA:45,1,0,0
BRDA:45,2,0,0
BRDA:45,2,1,0
BRDA:45,2,2,0
BRDA:50,3,0,0
BRDA:55,4,0,0
BRDA:69,5,0,0
BRDA:69,5,1,0
BRDA:79,6,0,0
BRDA:91,7,0,0
BRDA:107,8,0,0
BRDA:120,9,0,0
BRDA:135,10,0,0
BRF:14
BRH:0
end_of_record
